<?xml version="1.0" encoding="UTF-8"?>
<!-- Generated by org.testng.reporters.JUnitReportReporter -->
<testsuite hostname="Eshwar" failures="0" tests="1" name="tests.HomePageTest" time="6.122" errors="0" timestamp="2025-06-28T20:13:45 IST" skipped="0">
  <testcase classname="tests.HomePageTest" name="testWebpageIsAvailable" time="6.122"/>
</testsuite> <!-- tests.HomePageTest -->
